<?xml version="1.0" encoding="UTF-8"?>
<testng-results skipped="0" failed="0" ignored="0" total="4" passed="4">
  <reporter-output>
  </reporter-output>
  <suite name="Command line suite" duration-ms="41082" started-at="2022-03-27T20:37:52 IST" finished-at="2022-03-27T20:38:34 IST">
    <groups>
    </groups>
    <test name="Command line test" duration-ms="41082" started-at="2022-03-27T20:37:52 IST" finished-at="2022-03-27T20:38:34 IST">
      <class name="com.simplilearn.AmazonAddToCartTest">
        <test-method status="PASS" signature="mainTest()[pri:0, instance:com.simplilearn.AmazonAddToCartTest@3b084709]" name="mainTest" duration-ms="16312" started-at="2022-03-27T20:37:52 IST" finished-at="2022-03-27T20:38:09 IST">
          <reporter-output>
          </reporter-output>
        </test-method> <!-- mainTest -->
      </class> <!-- com.simplilearn.AmazonAddToCartTest -->
      <class name="com.simplilearn.AmazonLoginTest">
        <test-method status="PASS" signature="mainTest()[pri:0, instance:com.simplilearn.AmazonLoginTest@5a8806ef]" name="mainTest" duration-ms="5414" started-at="2022-03-27T20:38:09 IST" finished-at="2022-03-27T20:38:14 IST">
          <reporter-output>
          </reporter-output>
        </test-method> <!-- mainTest -->
      </class> <!-- com.simplilearn.AmazonLoginTest -->
      <class name="com.simplilearn.AmazonSearchTest">
        <test-method status="PASS" signature="mainTest()[pri:0, instance:com.simplilearn.AmazonSearchTest@5e853265]" name="mainTest" duration-ms="12916" started-at="2022-03-27T20:38:21 IST" finished-at="2022-03-27T20:38:34 IST">
          <reporter-output>
          </reporter-output>
        </test-method> <!-- mainTest -->
      </class> <!-- com.simplilearn.AmazonSearchTest -->
      <class name="com.simplilearn.AmazonRegistrationTest">
        <test-method status="PASS" signature="mainTest()[pri:0, instance:com.simplilearn.AmazonRegistrationTest@6c49835d]" name="mainTest" duration-ms="6359" started-at="2022-03-27T20:38:14 IST" finished-at="2022-03-27T20:38:21 IST">
          <reporter-output>
          </reporter-output>
        </test-method> <!-- mainTest -->
      </class> <!-- com.simplilearn.AmazonRegistrationTest -->
    </test> <!-- Command line test -->
  </suite> <!-- Command line suite -->
</testng-results>
