<?xml version="1.0" encoding="UTF-8" ?>
<testsuite tests="4" failures="0" name="TestSuite" time="41.004" errors="0" skipped="0">
  <properties>
[...]
</properties>
  <testcase classname="com.simplilearn.AmazonAddToCartTest" name="mainTest" time="16.316"/>
  <testcase classname="com.simplilearn.AmazonLoginTest" name="mainTest" time="5.415"/>
  <testcase classname="com.simplilearn.AmazonRegistrationTest" name="mainTest" time="6.357"/>
  <testcase classname="com.simplilearn.AmazonSearchTest" name="mainTest" time="12.916"/>
</testsuite>