<?xml version="1.0" encoding="UTF-8"?>
<!-- Generated by org.testng.reporters.JUnitXMLReporter -->
<testsuite hostname="LAPTOP-LS49HAC0" ignored="0" name="TestNG" tests="3" failures="1" timestamp="2022-03-17T20:00:16 IST" time="0.072" errors="0">
  <testcase name="method1" time="0.008" classname="com.simplilearn.testngselenium.SimpleTestNG"/>
  <testcase name="method2" time="0.002" classname="com.simplilearn.testngselenium.SimpleTestNG"/>
  <testcase name="testTrue" time="0.005" classname="com.simplilearn.testngselenium.TestNG1">
    <failure type="java.lang.AssertionError" message="expected [true] but found [false]">
      <![CDATA[java.lang.AssertionError: expected [true] but found [false]
at com.simplilearn.testngselenium.TestNG1.testTrue(TestNG1.java:11)
at java.util.ArrayList.forEach(ArrayList.java:1257)
... Removed 33 stack frames]]>
    </failure>
  </testcase> <!-- testTrue -->
</testsuite> <!-- TestNG -->
