<?xml version="1.0" encoding="UTF-8"?>
<testng-results skipped="0" failed="0" ignored="0" total="2" passed="2">
  <reporter-output>
  </reporter-output>
  <suite name="Suite" duration-ms="8926" started-at="2022-03-18T21:44:36 IST" finished-at="2022-03-18T21:44:45 IST">
    <groups>
    </groups>
    <test name="Test" duration-ms="8926" started-at="2022-03-18T21:44:36 IST" finished-at="2022-03-18T21:44:45 IST">
      <class name="com.simplilearn.FacebookTest">
        <test-method status="PASS" signature="beforeMethod()[pri:0, instance:com.simplilearn.FacebookTest@8646db9]" name="beforeMethod" is-config="true" duration-ms="13" started-at="2022-03-18T21:44:36 IST" finished-at="2022-03-18T21:44:36 IST">
          <reporter-output>
          </reporter-output>
        </test-method> <!-- beforeMethod -->
        <test-method status="PASS" signature="launchFB()[pri:0, instance:com.simplilearn.FacebookTest@8646db9]" name="launchFB" duration-ms="8571" started-at="2022-03-18T21:44:36 IST" finished-at="2022-03-18T21:44:44 IST">
          <reporter-output>
          </reporter-output>
        </test-method> <!-- launchFB -->
        <test-method status="PASS" signature="afterMethod()[pri:0, instance:com.simplilearn.FacebookTest@8646db9]" name="afterMethod" is-config="true" duration-ms="3" started-at="2022-03-18T21:44:44 IST" finished-at="2022-03-18T21:44:44 IST">
          <reporter-output>
          </reporter-output>
        </test-method> <!-- afterMethod -->
        <test-method status="PASS" signature="beforeMethod()[pri:0, instance:com.simplilearn.FacebookTest@8646db9]" name="beforeMethod" is-config="true" duration-ms="1" started-at="2022-03-18T21:44:44 IST" finished-at="2022-03-18T21:44:44 IST">
          <reporter-output>
          </reporter-output>
        </test-method> <!-- beforeMethod -->
        <test-method status="PASS" signature="testTile()[pri:0, instance:com.simplilearn.FacebookTest@8646db9]" name="testTile" duration-ms="226" started-at="2022-03-18T21:44:44 IST" depends-on-methods="com.simplilearn.FacebookTest.launchFB" finished-at="2022-03-18T21:44:45 IST">
          <reporter-output>
          </reporter-output>
        </test-method> <!-- testTile -->
        <test-method status="PASS" signature="afterMethod()[pri:0, instance:com.simplilearn.FacebookTest@8646db9]" name="afterMethod" is-config="true" duration-ms="1" started-at="2022-03-18T21:44:45 IST" finished-at="2022-03-18T21:44:45 IST">
          <reporter-output>
          </reporter-output>
        </test-method> <!-- afterMethod -->
      </class> <!-- com.simplilearn.FacebookTest -->
    </test> <!-- Test -->
  </suite> <!-- Suite -->
</testng-results>
