<?xml version="1.0" encoding="UTF-8"?>
<!-- Generated by org.testng.reporters.JUnitXMLReporter -->
<testsuite hostname="LAPTOP-LS49HAC0" ignored="0" name="Command line test" tests="4" failures="0" timestamp="2022-03-27T20:38:34 IST" time="41.082" errors="0">
  <testcase name="mainTest" time="16.312" classname="com.simplilearn.AmazonAddToCartTest"/>
  <testcase name="mainTest" time="5.414" classname="com.simplilearn.AmazonLoginTest"/>
  <testcase name="mainTest" time="6.359" classname="com.simplilearn.AmazonRegistrationTest"/>
  <testcase name="mainTest" time="12.916" classname="com.simplilearn.AmazonSearchTest"/>
</testsuite> <!-- Command line test -->
