<?xml version="1.0" encoding="UTF-8"?>
<testsuite xmlns:xsi="http://www.w3.org/2001/XMLSchema-instance" xsi:noNamespaceSchemaLocation="https://maven.apache.org/surefire/maven-surefire-plugin/xsd/surefire-test-report.xsd" name="com.project.Authentication.AuthenticationCodeTests" time="12.249" tests="3" errors="0" skipped="0" failures="0">
  <properties>
[...]
</properties>
  <testcase name="shouldValidateUser" classname="com.project.Authentication.AuthenticationCodeTests" time="1.411"/>
  <testcase name="shouldFindUserByName" classname="com.project.Authentication.AuthenticationCodeTests" time="0.063"/>
  <testcase name="shouldGetUserByName" classname="com.project.Authentication.AuthenticationCodeTests" time="0.03"/>
</testsuite>