<?xml version="1.0" encoding="UTF-8"?>
<testng-results skipped="0" failed="0" ignored="0" total="1" passed="1">
  <reporter-output>
  </reporter-output>
  <suite name="Default suite" duration-ms="9877" started-at="2022-03-27T22:03:18 IST" finished-at="2022-03-27T22:03:28 IST">
    <groups>
    </groups>
    <test name="Default test" duration-ms="9877" started-at="2022-03-27T22:03:18 IST" finished-at="2022-03-27T22:03:28 IST">
      <class name="com.simplilearn.AmazonRegistrationTest">
        <test-method status="PASS" signature="mainTest()[pri:0, instance:com.simplilearn.AmazonRegistrationTest@491cc5c9]" name="mainTest" duration-ms="9808" started-at="2022-03-27T22:03:18 IST" finished-at="2022-03-27T22:03:28 IST">
          <reporter-output>
          </reporter-output>
        </test-method> <!-- mainTest -->
      </class> <!-- com.simplilearn.AmazonRegistrationTest -->
    </test> <!-- Default test -->
  </suite> <!-- Default suite -->
</testng-results>
